0 verbose cli /usr/local/bin/node /usr/local/bin/npm
1 info using npm@10.8.2
2 info using node@v20.20.1
3 silly config load:file:/usr/local/lib/node_modules/npm/npmrc
4 silly config load:file:/data/.npmrc
5 silly config load:file:/usr/src/node-red/.npmrc
6 silly config load:file:/usr/local/etc/npmrc
7 verbose title npm install avsc
8 verbose argv "install" "avsc"
9 verbose logfile logs-max:10 dir:/data/.npm/_logs/2026-04-30T14_23_10_586Z-
10 verbose logfile /data/.npm/_logs/2026-04-30T14_23_10_586Z-debug-0.log
11 silly packumentCache heap:2197815296 maxSize:549453824 maxEntrySize:274726912
12 silly logfile done cleaning log files
13 silly idealTree buildDeps
14 silly fetch manifest avsc@*
15 silly packumentCache full:https://registry.npmjs.org/avsc cache-miss
16 http fetch GET 200 https://registry.npmjs.org/avsc 1430ms (cache miss)
17 silly packumentCache full:https://registry.npmjs.org/avsc set size:undefined disposed:false
18 silly placeDep ROOT avsc@5.7.9 OK for: node-red-project@0.0.1 want: *
19 silly reify moves {}
20 silly audit bulk request {
20 silly audit   '@openp4nr/modbus-serial': [ '8.4.0' ],
20 silly audit   '@serialport/bindings-cpp': [ '10.8.0', '12.0.1' ],
20 silly audit   '@serialport/parser-byte-length': [ '10.5.0', '12.0.0' ],
20 silly audit   '@serialport/parser-cctalk': [ '10.5.0', '12.0.0' ],
20 silly audit   '@serialport/parser-delimiter': [ '10.5.0', '11.0.0', '12.0.0' ],
20 silly audit   '@serialport/parser-inter-byte-timeout': [ '10.5.0', '12.0.0' ],
20 silly audit   '@serialport/parser-packet-length': [ '10.5.0', '12.0.0' ],
20 silly audit   '@serialport/parser-readline': [ '10.5.0', '11.0.0', '12.0.0' ],
20 silly audit   '@serialport/parser-ready': [ '10.5.0', '12.0.0' ],
20 silly audit   '@serialport/parser-regex': [ '10.5.0', '12.0.0' ],
20 silly audit   '@serialport/parser-slip-encoder': [ '10.5.0', '12.0.0' ],
20 silly audit   '@serialport/parser-spacepacket': [ '10.5.0', '12.0.0' ],
20 silly audit   '@serialport/stream': [ '10.5.0', '12.0.0' ],
20 silly audit   'node-addon-api': [ '5.1.0', '7.0.0' ],
20 silly audit   serialport: [ '10.5.0', '12.0.0' ],
20 silly audit   '@serialport/binding-mock': [ '10.2.2' ],
20 silly audit   debug: [ '4.3.4', '4.3.7', '3.2.7' ],
20 silly audit   ms: [ '2.1.2', '2.1.3' ],
20 silly audit   '@serialport/bindings-interface': [ '1.2.2' ],
20 silly audit   '@serialport/list': [ '12.0.0' ],
20 silly audit   '@xstate/fsm': [ '2.1.0' ],
20 silly audit   bson: [ '6.9.1' ],
20 silly audit   'buffer-from': [ '1.1.2' ],
20 silly audit   commander: [ '11.0.0' ],
20 silly audit   crc: [ '3.4.0' ],
20 silly audit   jsmodbus: [ '4.0.10' ],
20 silly audit   'line-by-line': [ '0.1.6' ],
20 silly audit   'node-gyp-build': [ '4.6.0' ],
20 silly audit   'node-red-contrib-modbus': [ '5.45.2' ],
20 silly audit   'source-map': [ '0.6.1' ],
20 silly audit   'source-map-support': [ '0.5.21' ],
20 silly audit   underscore: [ '1.13.8' ],
20 silly audit   avsc: [ '5.7.9' ]
20 silly audit }
21 silly tarball no local data for avsc@https://registry.npmjs.org/avsc/-/avsc-5.7.9.tgz. Extracting by manifest.
22 http fetch GET 200 https://registry.npmjs.org/npm 2242ms
23 http fetch POST 200 https://registry.npmjs.org/-/npm/v1/security/advisories/bulk 581ms
24 silly audit report {}
25 http fetch GET 200 https://registry.npmjs.org/avsc/-/avsc-5.7.9.tgz 1162ms (cache miss)
26 silly ADD node_modules/avsc
27 verbose cwd /data
28 verbose os Linux 6.17.0-20-generic
29 verbose node v20.20.1
30 verbose npm  v10.8.2
31 notice
31 notice New [31mmajor[39m version of npm available! [31m10.8.2[39m -> [34m11.13.0[39m
31 notice Changelog: [34mhttps://github.com/npm/cli/releases/tag/v11.13.0[39m
31 notice To update run: [4mnpm install -g npm@11.13.0[24m
31 notice  { force: true, [Symbol(proc-log.meta)]: true }
32 verbose exit 0
33 info ok
