0 verbose cli /usr/local/bin/node /usr/local/bin/npm
1 info using npm@10.8.2
2 info using node@v20.20.1
3 silly config load:file:/usr/local/lib/node_modules/npm/npmrc
4 silly config load:file:/usr/src/node-red/.npmrc
5 silly config load:file:/usr/local/etc/npmrc
6 verbose title npm install avsc
7 verbose argv "install" "avsc"
8 verbose logfile logs-max:10 dir:/data/.npm/_logs/2026-05-05T04_02_14_639Z-
9 verbose logfile /data/.npm/_logs/2026-05-05T04_02_14_639Z-debug-0.log
10 silly packumentCache heap:2197815296 maxSize:549453824 maxEntrySize:274726912
11 silly logfile done cleaning log files
12 silly idealTree buildDeps
13 silly fetch manifest avsc@*
14 silly packumentCache full:https://registry.npmjs.org/avsc cache-miss
15 http fetch GET 200 https://registry.npmjs.org/avsc 286ms (cache hit)
16 silly packumentCache full:https://registry.npmjs.org/avsc set size:341668 disposed:false
17 silly placeDep ROOT avsc@5.7.9 OK for: node-red-docker@4.1.8 want: *
18 silly reify moves {}
19 silly audit bulk request {
19 silly audit   '@babel/runtime': [ '7.29.2' ],
19 silly audit   '@isaacs/fs-minipass': [ '4.0.1' ],
19 silly audit   '@node-red/editor-api': [ '4.1.8' ],
19 silly audit   '@node-red/editor-client': [ '4.1.8' ],
19 silly audit   '@node-red/nodes': [ '4.1.8' ],
19 silly audit   '@node-red/registry': [ '4.1.8' ],
19 silly audit   '@node-red/runtime': [ '4.1.8' ],
19 silly audit   '@node-red/util': [ '4.1.8' ],
19 silly audit   '@node-rs/bcrypt': [ '1.10.7' ],
19 silly audit   '@node-rs/bcrypt-linux-x64-musl': [ '1.10.7' ],
19 silly audit   '@sindresorhus/is': [ '5.6.0' ],
19 silly audit   '@szmarczak/http-timer': [ '5.0.1' ],
19 silly audit   '@types/http-cache-semantics': [ '4.2.0' ],
19 silly audit   '@types/node': [ '25.5.0' ],
19 silly audit   '@types/readable-stream': [ '4.0.23' ],
19 silly audit   '@types/ws': [ '8.18.1' ],
19 silly audit   abbrev: [ '1.1.1' ],
19 silly audit   'abort-controller': [ '3.0.0' ],
19 silly audit   accepts: [ '1.3.8' ],
19 silly audit   acorn: [ '8.16.0' ],
19 silly audit   'acorn-walk': [ '8.3.5' ],
19 silly audit   'agent-base': [ '6.0.2' ],
19 silly audit   debug: [ '4.4.3', '2.6.9' ],
19 silly audit   ms: [ '2.1.3', '2.0.0' ],
19 silly audit   ajv: [ '8.18.0' ],
19 silly audit   'ansi-colors': [ '4.1.3' ],
19 silly audit   'ansi-regex': [ '5.0.1' ],
19 silly audit   'ansi-styles': [ '4.3.0' ],
19 silly audit   'append-field': [ '1.0.0' ],
19 silly audit   argparse: [ '2.0.1' ],
19 silly audit   'array-flatten': [ '1.1.1' ],
19 silly audit   'async-mutex': [ '0.5.0' ],
19 silly audit   asynckit: [ '0.4.0' ],
19 silly audit   axios: [ '1.13.6' ],
19 silly audit   'form-data': [ '4.0.5', '4.0.4' ],
19 silly audit   'base64-js': [ '1.5.1' ],
19 silly audit   'basic-auth': [ '2.0.1' ],
19 silly audit   bcryptjs: [ '3.0.3', '3.0.2' ],
19 silly audit   bl: [ '6.1.6' ],
19 silly audit   'body-parser': [ '1.20.4' ],
19 silly audit   'iconv-lite': [ '0.4.24', '0.6.3' ],
19 silly audit   'raw-body': [ '2.5.3', '3.0.0' ],
19 silly audit   boolbase: [ '1.0.0' ],
19 silly audit   'broker-factory': [ '3.1.14' ],
19 silly audit   buffer: [ '6.0.3' ],
19 silly audit   'buffer-from': [ '1.1.2' ],
19 silly audit   busboy: [ '1.6.0' ],
19 silly audit   bytes: [ '3.1.2' ],
19 silly audit   'cacheable-lookup': [ '7.0.0' ],
19 silly audit   'cacheable-request': [ '10.2.14' ],
19 silly audit   'call-bind-apply-helpers': [ '1.0.2' ],
19 silly audit   'call-bound': [ '1.0.4' ],
19 silly audit   chalk: [ '4.1.2' ],
19 silly audit   cheerio: [ '1.0.0-rc.10' ],
19 silly audit   'cheerio-select': [ '1.6.0' ],
19 silly audit   chownr: [ '3.0.0' ],
19 silly audit   'cli-table': [ '0.3.11' ],
19 silly audit   clone: [ '2.1.2' ],
19 silly audit   'color-convert': [ '2.0.1' ],
19 silly audit   'color-name': [ '1.1.4' ],
19 silly audit   colors: [ '1.0.3' ],
19 silly audit   'combined-stream': [ '1.0.8' ],
19 silly audit   commist: [ '3.2.0' ],
19 silly audit   'concat-stream': [ '2.0.0' ],
19 silly audit   'readable-stream': [ '3.6.2', '4.7.0' ],
19 silly audit   'content-disposition': [ '0.5.4' ],
19 silly audit   'safe-buffer': [ '5.2.1', '5.1.2' ],
19 silly audit   'content-type': [ '1.0.5' ],
19 silly audit   cookie: [ '0.7.2' ],
19 silly audit   'cookie-parser': [ '1.4.7' ],
19 silly audit   'cookie-signature': [ '1.0.6', '1.0.7' ],
19 silly audit   cors: [ '2.8.5' ],
19 silly audit   cronosjs: [ '1.7.1' ],
19 silly audit   'css-select': [ '4.3.0' ],
19 silly audit   'css-what': [ '6.2.2' ],
19 silly audit   'decompress-response': [ '6.0.0' ],
19 silly audit   'mimic-response': [ '3.1.0', '4.0.0' ],
19 silly audit   'defer-to-connect': [ '2.0.1' ],
19 silly audit   'delayed-stream': [ '1.0.0' ],
19 silly audit   denque: [ '2.1.0' ],
19 silly audit   depd: [ '2.0.0' ],
19 silly audit   destroy: [ '1.2.0' ],
19 silly audit   'dom-serializer': [ '1.4.1' ],
19 silly audit   domelementtype: [ '2.3.0' ],
19 silly audit   domhandler: [ '4.3.1' ],
19 silly audit   domutils: [ '2.8.0' ],
19 silly audit   'dunder-proto': [ '1.0.1' ],
19 silly audit   'ee-first': [ '1.1.1' ],
19 silly audit   encodeurl: [ '2.0.0' ],
19 silly audit   enquirer: [ '2.4.1' ],
19 silly audit   entities: [ '2.2.0' ],
19 silly audit   'es-define-property': [ '1.0.1' ],
19 silly audit   'es-errors': [ '1.3.0' ],
19 silly audit   'es-object-atoms': [ '1.1.1' ],
19 silly audit   'es-set-tostringtag': [ '2.1.0' ],
19 silly audit   'escape-html': [ '1.0.3' ],
19 silly audit   etag: [ '1.8.1' ],
19 silly audit   'event-target-shim': [ '5.0.1' ],
19 silly audit   events: [ '3.3.0' ],
19 silly audit   express: [ '4.22.1' ],
19 silly audit   'express-session': [ '1.18.2' ],
19 silly audit   'fast-deep-equal': [ '3.1.3' ],
19 silly audit   'fast-unique-numbers': [ '9.0.27' ],
19 silly audit   'fast-uri': [ '3.1.0' ],
19 silly audit   finalhandler: [ '1.3.2' ],
19 silly audit   'follow-redirects': [ '1.15.11' ],
19 silly audit   'form-data-encoder': [ '2.1.4' ],
19 silly audit   forwarded: [ '0.2.0' ],
19 silly audit   fresh: [ '0.5.2' ],
19 silly audit   'fs-extra': [ '11.3.0' ],
19 silly audit   'function-bind': [ '1.1.2' ],
19 silly audit   'get-intrinsic': [ '1.3.0' ],
19 silly audit   'get-proto': [ '1.0.1' ],
19 silly audit   'get-stream': [ '6.0.1' ],
19 silly audit   gopd: [ '1.2.0' ],
19 silly audit   got: [ '12.6.1' ],
19 silly audit   'graceful-fs': [ '4.2.11' ],
19 silly audit   'has-flag': [ '4.0.0' ],
19 silly audit   'has-symbols': [ '1.1.0' ],
19 silly audit   'has-tostringtag': [ '1.0.2' ],
19 silly audit   'hash-sum': [ '2.0.0' ],
19 silly audit   hasown: [ '2.0.2' ],
19 silly audit   'help-me': [ '5.0.0' ],
19 silly audit   hpagent: [ '1.2.0' ],
19 silly audit   htmlparser2: [ '6.1.0' ],
19 silly audit   'http-cache-semantics': [ '4.2.0' ],
19 silly audit   'http-errors': [ '2.0.1', '2.0.0' ],
19 silly audit   'http2-wrapper': [ '2.2.1' ],
19 silly audit   'https-proxy-agent': [ '5.0.1' ],
19 silly audit   i18next: [ '25.8.14' ],
19 silly audit   ieee754: [ '1.2.1' ],
19 silly audit   inherits: [ '2.0.4' ],
19 silly audit   'ip-address': [ '10.1.0' ],
19 silly audit   'ipaddr.js': [ '1.9.1' ],
19 silly audit   'is-utf8': [ '0.2.1' ],
19 silly audit   'js-sdsl': [ '4.3.0' ],
19 silly audit   'js-yaml': [ '4.1.1' ],
19 silly audit   'json-buffer': [ '3.0.1' ],
19 silly audit   'json-schema-traverse': [ '1.0.0' ],
19 silly audit   'json-stringify-safe': [ '5.0.1' ],
19 silly audit   jsonata: [ '2.0.6' ],
19 silly audit   jsonfile: [ '6.2.0' ],
19 silly audit   keyv: [ '4.5.4' ],
19 silly audit   'lodash.clonedeep': [ '4.5.0' ],
19 silly audit   'lowercase-keys': [ '3.0.0' ],
19 silly audit   'lru-cache': [ '4.1.5', '10.4.3' ],
19 silly audit   'math-intrinsics': [ '1.1.0' ],
19 silly audit   'media-typer': [ '1.1.0', '0.3.0' ],
19 silly audit   memorystore: [ '1.6.7' ],
19 silly audit   'merge-descriptors': [ '1.0.3' ],
19 silly audit   methods: [ '1.1.2' ],
19 silly audit   mime: [ '3.0.0', '1.6.0' ],
19 silly audit   'mime-db': [ '1.52.0' ],
19 silly audit   'mime-types': [ '2.1.35' ],
19 silly audit   minimist: [ '1.2.8' ],
19 silly audit   minipass: [ '7.1.3' ],
19 silly audit   minizlib: [ '3.1.0' ],
19 silly audit   moment: [ '2.30.1' ],
19 silly audit   'moment-timezone': [ '0.5.48' ],
19 silly audit   mqtt: [ '5.15.0' ],
19 silly audit   ws: [ '8.20.0', '7.5.10' ],
19 silly audit   'mqtt-packet': [ '9.0.2' ],
19 silly audit   multer: [ '2.1.1' ],
19 silly audit   mustache: [ '4.2.0' ],
19 silly audit   'mute-stream': [ '1.0.0' ],
19 silly audit   negotiator: [ '0.6.3' ],
19 silly audit   'node-red': [ '4.1.8' ],
19 silly audit   'node-red-admin': [ '4.1.3' ],
19 silly audit   'node-watch': [ '0.7.4' ],
19 silly audit   nopt: [ '5.0.0' ],
19 silly audit   'normalize-url': [ '8.1.1' ],
19 silly audit   'nth-check': [ '2.1.1' ],
19 silly audit   'number-allocator': [ '1.0.14' ],
19 silly audit   oauth2orize: [ '1.12.0' ],
19 silly audit   'object-assign': [ '4.1.1' ],
19 silly audit   'object-inspect': [ '1.13.4' ],
19 silly audit   'on-finished': [ '2.4.1' ],
19 silly audit   'on-headers': [ '1.1.0' ],
19 silly audit   'p-cancelable': [ '3.0.0' ],
19 silly audit   parse5: [ '6.0.1' ],
19 silly audit   'parse5-htmlparser2-tree-adapter': [ '6.0.1' ],
19 silly audit   parseurl: [ '1.3.3' ],
19 silly audit   passport: [ '0.7.0' ],
19 silly audit   'passport-http-bearer': [ '1.0.1' ],
19 silly audit   'passport-oauth2-client-password': [ '0.1.2' ],
19 silly audit   'passport-strategy': [ '1.0.0' ],
19 silly audit   'path-to-regexp': [ '0.1.12' ],
19 silly audit   pause: [ '0.0.1' ],
19 silly audit   process: [ '0.11.10' ],
19 silly audit   'process-nextick-args': [ '2.0.1' ],
19 silly audit   'proxy-addr': [ '2.0.7' ],
19 silly audit   'proxy-from-env': [ '1.1.0' ],
19 silly audit   pseudomap: [ '1.0.2' ],
19 silly audit   qs: [ '6.14.2' ],
19 silly audit   'quick-lru': [ '5.1.1' ],
19 silly audit   'random-bytes': [ '1.0.0' ],
19 silly audit   'range-parser': [ '1.2.1' ],
19 silly audit   statuses: [ '2.0.1', '2.0.2' ],
19 silly audit   read: [ '3.0.1' ],
19 silly audit   'require-from-string': [ '2.0.2' ],
19 silly audit   'resolve-alpn': [ '1.2.1' ],
19 silly audit   responselike: [ '3.0.0' ],
19 silly audit   rfdc: [ '1.4.1' ],
19 silly audit   'safer-buffer': [ '2.1.2' ],
19 silly audit   sax: [ '1.6.0' ],
19 silly audit   semver: [ '7.7.4' ],
19 silly audit   send: [ '0.19.2' ],
19 silly audit   'serve-static': [ '1.16.3' ],
19 silly audit   setprototypeof: [ '1.2.0' ],
19 silly audit   'side-channel': [ '1.1.0' ],
19 silly audit   'side-channel-list': [ '1.0.0' ],
19 silly audit   'side-channel-map': [ '1.0.1' ],
19 silly audit   'side-channel-weakmap': [ '1.0.2' ],
19 silly audit   'smart-buffer': [ '4.2.0' ],
19 silly audit   socks: [ '2.8.7' ],
19 silly audit   split2: [ '4.2.0' ],
19 silly audit   streamsearch: [ '1.1.0' ],
19 silly audit   string_decoder: [ '1.3.0' ],
19 silly audit   'strip-ansi': [ '6.0.1' ],
19 silly audit   'supports-color': [ '7.2.0' ],
19 silly audit   tar: [ '7.5.12' ],
19 silly audit   yallist: [ '5.0.0', '2.1.2' ],
19 silly audit   tldts: [ '6.1.86' ],
19 silly audit   'tldts-core': [ '6.1.86' ],
19 silly audit   toidentifier: [ '1.0.1' ],
19 silly audit   'tough-cookie': [ '5.1.2' ],
19 silly audit   tslib: [ '2.8.1' ],
19 silly audit   'type-is': [ '1.6.18' ],
19 silly audit   typedarray: [ '0.0.6' ],
19 silly audit   'uglify-js': [ '3.19.3' ],
19 silly audit   'uid-safe': [ '2.1.5' ],
19 silly audit   uid2: [ '0.0.4' ],
19 silly audit   'undici-types': [ '7.18.2' ],
19 silly audit   universalify: [ '2.0.1' ],
19 silly audit   unpipe: [ '1.0.0' ],
19 silly audit   'util-deprecate': [ '1.0.2' ],
19 silly audit   'utils-merge': [ '1.0.1' ],
19 silly audit   uuid: [ '9.0.1' ],
19 silly audit   vary: [ '1.1.2' ],
19 silly audit   'worker-factory': [ '7.0.49' ],
19 silly audit   'worker-timers': [ '8.0.31' ],
19 silly audit   'worker-timers-broker': [ '8.0.16' ],
19 silly audit   'worker-timers-worker': [ '9.0.14' ],
19 silly audit   xml2js: [ '0.6.2' ],
19 silly audit   xmlbuilder: [ '11.0.1' ],
19 silly audit   avsc: [ '5.7.9' ]
19 silly audit }
20 http fetch POST 200 https://registry.npmjs.org/-/npm/v1/security/advisories/bulk 1733ms
21 silly audit report {
21 silly audit report   axios: [
21 silly audit report     {
21 silly audit report       id: 1116673,
21 silly audit report       url: 'https://github.com/advisories/GHSA-3p68-rc4w-qgx5',
21 silly audit report       title: 'Axios has a NO_PROXY Hostname Normalization Bypass that Leads to SSRF',
21 silly audit report       severity: 'moderate',
21 silly audit report       vulnerable_versions: '>=1.0.0 <1.15.0',
21 silly audit report       cwe: [Array],
21 silly audit report       cvss: [Object]
21 silly audit report     },
21 silly audit report     {
21 silly audit report       id: 1116675,
21 silly audit report       url: 'https://github.com/advisories/GHSA-fvcv-3m26-pcqx',
21 silly audit report       title: 'Axios has Unrestricted Cloud Metadata Exfiltration via Header Injection Chain',
21 silly audit report       severity: 'moderate',
21 silly audit report       vulnerable_versions: '>=1.0.0 <1.15.0',
21 silly audit report       cwe: [Array],
21 silly audit report       cvss: [Object]
21 silly audit report     },
21 silly audit report     {
21 silly audit report       id: 1117574,
21 silly audit report       url: 'https://github.com/advisories/GHSA-w9j2-pvgh-6h63',
21 silly audit report       title: 'Axios: Authentication Bypass via Prototype Pollution Gadget in `validateStatus` Merge Strategy',
21 silly audit report       severity: 'moderate',
21 silly audit report       vulnerable_versions: '>=1.0.0 <1.15.1',
21 silly audit report       cwe: [Array],
21 silly audit report       cvss: [Object]
21 silly audit report     },
21 silly audit report     {
21 silly audit report       id: 1117576,
21 silly audit report       url: 'https://github.com/advisories/GHSA-pmwg-cvhr-8vh7',
21 silly audit report       title: 'Axios: Incomplete Fix for CVE-2025-62718 — NO_PROXY Protection Bypassed via RFC 1122 Loopback Subnet (127.0.0.0/8) in Axios 1.15.0',
21 silly audit report       severity: 'high',
21 silly audit report       vulnerable_versions: '>=1.0.0 <1.15.1',
21 silly audit report       cwe: [Array],
21 silly audit report       cvss: [Object]
21 silly audit report     },
21 silly audit report     {
21 silly audit report       id: 1117577,
21 silly audit report       url: 'https://github.com/advisories/GHSA-3w6x-2g7m-8v23',
21 silly audit report       title: 'Axios: Invisible JSON Response Tampering via Prototype Pollution Gadget in `parseReviver`',
21 silly audit report       severity: 'moderate',
21 silly audit report       vulnerable_versions: '>=1.0.0 <1.15.2',
21 silly audit report       cwe: [Array],
21 silly audit report       cvss: [Object]
21 silly audit report     },
21 silly audit report     {
21 silly audit report       id: 1117578,
21 silly audit report       url: 'https://github.com/advisories/GHSA-q8qp-cvcw-x6jj',
21 silly audit report       title: 'Axios has prototype pollution read-side gadgets in HTTP adapter that allow credential injection and request hijacking',
21 silly audit report       severity: 'high',
21 silly audit report       vulnerable_versions: '>=1.0.0 <1.15.2',
21 silly audit report       cwe: [Array],
21 silly audit report       cvss: [Object]
21 silly audit report     },
21 silly audit report     {
21 silly audit report       id: 1117580,
21 silly audit report       url: 'https://github.com/advisories/GHSA-xhjh-pmcv-23jw',
21 silly audit report       title: 'Axios: Null Byte Injection via Reverse-Encoding in AxiosURLSearchParams',
21 silly audit report       severity: 'low',
21 silly audit report       vulnerable_versions: '>=1.0.0 <1.15.1',
21 silly audit report       cwe: [Array],
21 silly audit report       cvss: [Object]
21 silly audit report     },
21 silly audit report     {
21 silly audit report       id: 1117581,
21 silly audit report       url: 'https://github.com/advisories/GHSA-445q-vr5w-6q77',
21 silly audit report       title: 'Axios: CRLF Injection in multipart/form-data body via unsanitized blob.type in formDataToStream',
21 silly audit report       severity: 'moderate',
21 silly audit report       vulnerable_versions: '>=1.0.0 <1.15.1',
21 silly audit report       cwe: [Array],
21 silly audit report       cvss: [Object]
21 silly audit report     },
21 silly audit report     {
21 silly audit report       id: 1117583,
21 silly audit report       url: 'https://github.com/advisories/GHSA-m7pr-hjqh-92cm',
21 silly audit report       title: 'Axios: no_proxy bypass via IP alias allows SSRF',
21 silly audit report       severity: 'moderate',
21 silly audit report       vulnerable_versions: '>=1.0.0 <1.15.1',
21 silly audit report       cwe: [Array],
21 silly audit report       cvss: [Object]
21 silly audit report     },
21 silly audit report     {
21 silly audit report       id: 1117585,
21 silly audit report       url: 'https://github.com/advisories/GHSA-62hf-57xw-28j9',
21 silly audit report       title: 'Axios: unbounded recursion in toFormData causes DoS via deeply nested request data',
21 silly audit report       severity: 'moderate',
21 silly audit report       vulnerable_versions: '>=1.0.0 <1.15.1',
21 silly audit report       cwe: [Array],
21 silly audit report       cvss: [Object]
21 silly audit report     },
21 silly audit report     {
21 silly audit report       id: 1117587,
21 silly audit report       url: 'https://github.com/advisories/GHSA-5c9x-8gcm-mpgx',
21 silly audit report       title: "Axios' HTTP adapter-streamed uploads bypass maxBodyLength when maxRedirects: 0",
21 silly audit report       severity: 'moderate',
21 silly audit report       vulnerable_versions: '>=1.0.0 <1.15.1',
21 silly audit report       cwe: [Array],
21 silly audit report       cvss: [Object]
21 silly audit report     },
21 silly audit report     {
21 silly audit report       id: 1117589,
21 silly audit report       url: 'https://github.com/advisories/GHSA-vf2m-468p-8v99',
21 silly audit report       title: 'Axios: HTTP adapter streamed responses bypass maxContentLength',
21 silly audit report       severity: 'moderate',
21 silly audit report       vulnerable_versions: '>=1.0.0 <1.15.1',
21 silly audit report       cwe: [Array],
21 silly audit report       cvss: [Object]
21 silly audit report     },
21 silly audit report     {
21 silly audit report       id: 1117591,
21 silly audit report       url: 'https://github.com/advisories/GHSA-pf86-5x62-jrwf',
21 silly audit report       title: 'Axios: Prototype Pollution Gadgets - Response Tampering, Data Exfiltration, and Request Hijacking',
21 silly audit report       severity: 'high',
21 silly audit report       vulnerable_versions: '>=1.0.0 <1.15.1',
21 silly audit report       cwe: [Array],
21 silly audit report       cvss: [Object]
21 silly audit report     },
21 silly audit report     {
21 silly audit report       id: 1117593,
21 silly audit report       url: 'https://github.com/advisories/GHSA-6chq-wfr3-2hj9',
21 silly audit report       title: 'Axios: Header Injection via Prototype Pollution',
21 silly audit report       severity: 'high',
21 silly audit report       vulnerable_versions: '>=1.0.0 <1.15.1',
21 silly audit report       cwe: [Array],
21 silly audit report       cvss: [Object]
21 silly audit report     },
21 silly audit report     {
21 silly audit report       id: 1117595,
21 silly audit report       url: 'https://github.com/advisories/GHSA-xx6v-rp6x-q39c',
21 silly audit report       title: 'Axios: XSRF Token Cross-Origin Leakage via Prototype Pollution Gadget in `withXSRFToken` Boolean Coercion',
21 silly audit report       severity: 'moderate',
21 silly audit report       vulnerable_versions: '>=1.0.0 <1.15.1',
21 silly audit report       cwe: [Array],
21 silly audit report       cvss: [Object]
21 silly audit report     }
21 silly audit report   ],
21 silly audit report   'follow-redirects': [
21 silly audit report     {
21 silly audit report       id: 1116560,
21 silly audit report       url: 'https://github.com/advisories/GHSA-r4q5-vmmm-2653',
21 silly audit report       title: 'follow-redirects leaks Custom Authentication Headers to Cross-Domain Redirect Targets',
21 silly audit report       severity: 'moderate',
21 silly audit report       vulnerable_versions: '<=1.15.11',
21 silly audit report       cwe: [Array],
21 silly audit report       cvss: [Object]
21 silly audit report     }
21 silly audit report   ],
21 silly audit report   'path-to-regexp': [
21 silly audit report     {
21 silly audit report       id: 1115527,
21 silly audit report       url: 'https://github.com/advisories/GHSA-37ch-88jc-xwx2',
21 silly audit report       title: 'path-to-regexp vulnerable to Regular Expression Denial of Service via multiple route parameters',
21 silly audit report       severity: 'high',
21 silly audit report       vulnerable_versions: '<0.1.13',
21 silly audit report       cwe: [Array],
21 silly audit report       cvss: [Object]
21 silly audit report     }
21 silly audit report   ],
21 silly audit report   uuid: [
21 silly audit report     {
21 silly audit report       id: 1116970,
21 silly audit report       url: 'https://github.com/advisories/GHSA-w5hq-g745-h8pq',
21 silly audit report       title: 'uuid: Missing buffer bounds check in v3/v5/v6 when buf is provided',
21 silly audit report       severity: 'moderate',
21 silly audit report       vulnerable_versions: '<14.0.0',
21 silly audit report       cwe: [Array],
21 silly audit report       cvss: [Object]
21 silly audit report     }
21 silly audit report   ]
21 silly audit report }
22 silly packumentCache corgi:https://registry.npmjs.org/axios cache-miss
23 silly packumentCache corgi:https://registry.npmjs.org/follow-redirects cache-miss
24 silly packumentCache corgi:https://registry.npmjs.org/path-to-regexp cache-miss
25 silly packumentCache corgi:https://registry.npmjs.org/uuid cache-miss
26 http fetch GET 200 https://registry.npmjs.org/axios 252ms (cache miss)
27 silly packumentCache corgi:https://registry.npmjs.org/axios set size:undefined disposed:false
28 http fetch GET 200 https://registry.npmjs.org/follow-redirects 949ms (cache miss)
29 silly packumentCache corgi:https://registry.npmjs.org/follow-redirects set size:undefined disposed:false
30 http fetch GET 200 https://registry.npmjs.org/path-to-regexp 1045ms (cache miss)
31 silly packumentCache corgi:https://registry.npmjs.org/path-to-regexp set size:undefined disposed:false
32 http fetch GET 200 https://registry.npmjs.org/uuid 1083ms (cache miss)
33 silly packumentCache corgi:https://registry.npmjs.org/uuid set size:undefined disposed:false
34 silly packumentCache corgi:https://registry.npmjs.org/node-red-admin cache-miss
35 http fetch GET 200 https://registry.npmjs.org/node-red-admin 125ms (cache miss)
36 silly packumentCache corgi:https://registry.npmjs.org/node-red-admin set size:undefined disposed:false
37 silly packumentCache corgi:https://registry.npmjs.org/express cache-miss
38 http fetch GET 200 https://registry.npmjs.org/express 211ms (cache miss)
39 silly packumentCache corgi:https://registry.npmjs.org/express set size:undefined disposed:false
40 silly packumentCache corgi:https://registry.npmjs.org/@node-red%2fnodes cache-miss
41 http fetch GET 200 https://registry.npmjs.org/@node-red%2fnodes 212ms (cache miss)
42 silly packumentCache corgi:https://registry.npmjs.org/@node-red%2fnodes set size:undefined disposed:false
43 silly packumentCache corgi:https://registry.npmjs.org/node-red cache-miss
44 http fetch GET 200 https://registry.npmjs.org/node-red 257ms (cache miss)
45 silly packumentCache corgi:https://registry.npmjs.org/node-red set size:undefined disposed:false
46 silly ADD node_modules/avsc
47 verbose cwd /usr/src/node-red
48 verbose os Linux 6.17.0-22-generic
49 verbose node v20.20.1
50 verbose npm  v10.8.2
51 verbose exit 0
52 info ok
